2026-04-17 07:54:53,168 INFO: 
                ____                _       _____  ____
               / __ ) ____ _ _____ (_)_____/ ___/ / __ \
              / __  |/ __ `// ___// // ___/\__ \ / /_/ /
             / /_/ // /_/ /(__  )/ // /__ ___/ // _, _/
            /_____/ \__,_//____//_/ \___//____//_/ |_|
     ______                   __   __                 __      __
    / ____/____   ____   ____/ /  / /   __  __ _____ / /__   / /
   / / __ / __ \ / __ \ / __  /  / /   / / / // ___// //_/  / /
  / /_/ // /_/ // /_/ // /_/ /  / /___/ /_/ // /__ / /<    /_/
  \____/ \____/ \____/ \____/  /_____/\____/ \___//_/|_|  (_)
    
Version Information: 
	BasicSR: 1.2.0+68dc6ac
	PyTorch: 1.8.1
	TorchVision: 0.9.1
2026-04-17 07:54:53,168 INFO: 
  name: Deraining_Restormer
  model_type: ImageCleanModel
  scale: 1
  num_gpu: 1
  manual_seed: 100
  datasets:[
    train:[
      name: TrainSet
      type: Dataset_PairedImage
      dataroot_gt: /home/guiyan/ztz/data/Rain13K/train/Rain13K/target
      dataroot_lq: /home/guiyan/ztz/data/Rain13K/train/Rain13K/input
      geometric_augs: True
      filename_tmpl: {}
      io_backend:[
        type: disk
      ]
      use_shuffle: True
      num_worker_per_gpu: 8
      batch_size_per_gpu: 8
      mini_batch_sizes: [8, 5, 4, 2, 1, 1]
      iters: [92000, 64000, 48000, 36000, 36000, 24000]
      gt_size: 384
      gt_sizes: [128, 160, 192, 256, 320, 384]
      dataset_enlarge_ratio: 1
      prefetch_mode: None
      phase: train
      scale: 1
    ]
    val:[
      name: ValSet
      type: Dataset_PairedImage
      dataroot_gt: /home/guiyan/ztz/data/Rain13K/test/Rain100L/target
      dataroot_lq: /home/guiyan/ztz/data/Rain13K/test/Rain100L/input
      io_backend:[
        type: disk
      ]
      phase: val
      scale: 1
    ]
  ]
  network_g:[
    type: Restormer
    inp_channels: 3
    out_channels: 3
    dim: 48
    num_blocks: [4, 6, 6, 8]
    num_refinement_blocks: 4
    heads: [1, 2, 4, 8]
    ffn_expansion_factor: 2.66
    bias: False
    LayerNorm_type: WithBias
    dual_pixel_task: False
  ]
  path:[
    pretrain_network_g: None
    strict_load_g: True
    resume_state: None
    root: /home/guiyan/ztz/repo/Restormer
    experiments_root: /home/guiyan/ztz/repo/Restormer/experiments/Deraining_Restormer
    models: /home/guiyan/ztz/repo/Restormer/experiments/Deraining_Restormer/models
    training_states: /home/guiyan/ztz/repo/Restormer/experiments/Deraining_Restormer/training_states
    log: /home/guiyan/ztz/repo/Restormer/experiments/Deraining_Restormer
    visualization: /home/guiyan/ztz/repo/Restormer/experiments/Deraining_Restormer/visualization
  ]
  train:[
    total_iter: 300000
    warmup_iter: -1
    use_grad_clip: True
    scheduler:[
      type: CosineAnnealingRestartCyclicLR
      periods: [92000, 208000]
      restart_weights: [1, 1]
      eta_mins: [0.0003, 1e-06]
    ]
    mixing_augs:[
      mixup: False
      mixup_beta: 1.2
      use_identity: True
    ]
    optim_g:[
      type: AdamW
      lr: 0.0003
      weight_decay: 0.0001
      betas: [0.9, 0.999]
    ]
    pixel_opt:[
      type: L1Loss
      loss_weight: 1
      reduction: mean
    ]
  ]
  val:[
    window_size: 8
    val_freq: 4000.0
    save_img: False
    rgb2bgr: True
    use_image: True
    max_minibatch: 8
    metrics:[
      psnr:[
        type: calculate_psnr
        crop_border: 0
        test_y_channel: True
      ]
    ]
  ]
  logger:[
    print_freq: 1000
    save_checkpoint_freq: 4000.0
    use_tb_logger: True
    wandb:[
      project: None
      resume_id: None
    ]
  ]
  dist_params:[
    backend: nccl
    port: 29500
  ]
  is_train: True
  dist: False
  rank: 0
  world_size: 1

2026-04-17 07:54:55,872 INFO: Dataset Dataset_PairedImage - TrainSet is created.
2026-04-17 07:54:55,873 INFO: Training statistics:
	Number of train images: 13711
	Dataset enlarge ratio: 1
	Batch size per gpu: 8
	World size (gpu number): 1
	Require iter number per epoch: 1714
	Total epochs: 176; iters: 300000.
2026-04-17 07:54:55,874 INFO: Dataset Dataset_PairedImage - ValSet is created.
2026-04-17 07:54:55,874 INFO: Number of val images/folders in ValSet: 100
